INFO:werkzeug:[31m[1mWARNING: This is a development server. Do not use it in a production deployment. Use a production WSGI server instead.[0m
 * Running on http://127.0.0.1:5000
INFO:werkzeug:[33mPress CTRL+C to quit[0m
INFO:werkzeug: * Restarting with watchdog (windowsapi)
WARNING:werkzeug: * Debugger is active!
INFO:werkzeug: * Debugger PIN: 680-310-016
INFO:werkzeug: * Detected change in 'c:\\Users\\ASUS\\$FLASK ALL DATA\\pw\\amitpatel\\application.py', reloading
INFO:werkzeug: * Detected change in 'c:\\Users\\ASUS\\$FLASK ALL DATA\\pw\\amitpatel\\application.py', reloading
INFO:werkzeug: * Detected change in 'c:\\Users\\ASUS\\$FLASK ALL DATA\\pw\\amitpatel\\application.py', reloading
INFO:werkzeug: * Detected change in 'c:\\Users\\ASUS\\$FLASK ALL DATA\\pw\\amitpatel\\application.py', reloading
INFO:werkzeug: * Restarting with watchdog (windowsapi)
WARNING:werkzeug: * Debugger is active!
INFO:werkzeug: * Debugger PIN: 680-310-016
INFO:werkzeug: * Detected change in 'C:\\python3.10\\Lib\\site-packages\\flask\\__init__.py', reloading
INFO:werkzeug: * Detected change in 'C:\\python3.10\\Lib\\site-packages\\flask\\app.py', reloading
INFO:werkzeug: * Detected change in 'C:\\python3.10\\Lib\\site-packages\\flask\\templating.py', reloading
INFO:werkzeug: * Detected change in 'C:\\python3.10\\Lib\\site-packages\\flask\\globals.py', reloading
INFO:werkzeug: * Detected change in 'C:\\python3.10\\Lib\\site-packages\\flask\\wrappers.py', reloading
INFO:werkzeug: * Detected change in 'C:\\python3.10\\Lib\\site-packages\\werkzeug\\__init__.py', reloading
INFO:werkzeug: * Detected change in 'C:\\python3.10\\Lib\\site-packages\\werkzeug\\wrappers\\__init__.py', reloading
INFO:werkzeug: * Detected change in 'C:\\python3.10\\Lib\\site-packages\\flask\\json\\__init__.py', reloading
INFO:werkzeug: * Detected change in 'C:\\python3.10\\Lib\\site-packages\\flask_cors\\__init__.py', reloading
INFO:werkzeug: * Detected change in 'C:\\python3.10\\Lib\\site-packages\\flask_cors\\extension.py', reloading
INFO:werkzeug: * Detected change in 'C:\\python3.10\\Lib\\site-packages\\flask_cors\\decorator.py', reloading
INFO:werkzeug: * Detected change in 'C:\\python3.10\\Lib\\site-packages\\bs4\\__init__.py', reloading
INFO:werkzeug: * Detected change in 'C:\\python3.10\\Lib\\urllib\\request.py', reloading
INFO:werkzeug: * Restarting with watchdog (windowsapi)
WARNING:werkzeug: * Debugger is active!
INFO:werkzeug: * Debugger PIN: 680-310-016
INFO:werkzeug:[31m[1mWARNING: This is a development server. Do not use it in a production deployment. Use a production WSGI server instead.[0m
 * Running on http://127.0.0.1:5000
INFO:werkzeug:[33mPress CTRL+C to quit[0m
INFO:werkzeug: * Restarting with watchdog (windowsapi)
WARNING:werkzeug: * Debugger is active!
INFO:werkzeug: * Debugger PIN: 680-310-016
INFO:werkzeug:127.0.0.1 - - [19/Jun/2023 22:35:22] "GET / HTTP/1.1" 200 -
INFO:werkzeug:127.0.0.1 - - [19/Jun/2023 22:35:22] "GET /static/css/indexonly.css HTTP/1.1" 200 -
INFO:werkzeug:127.0.0.1 - - [19/Jun/2023 22:35:22] "[33mGET /favicon.ico HTTP/1.1[0m" 404 -
INFO:werkzeug: * Detected change in 'C:\\python3.10\\Lib\\site-packages\\sklearn\\__init__.py', reloading
INFO:werkzeug: * Restarting with watchdog (windowsapi)
WARNING:werkzeug: * Debugger is active!
INFO:werkzeug: * Debugger PIN: 680-310-016
INFO:werkzeug: * Detected change in 'C:\\python3.10\\Lib\\site-packages\\sklearn\\base.py', reloading
INFO:werkzeug: * Restarting with watchdog (windowsapi)
WARNING:werkzeug: * Debugger is active!
INFO:werkzeug: * Debugger PIN: 680-310-016
INFO:werkzeug:127.0.0.1 - - [19/Jun/2023 22:50:42] "GET / HTTP/1.1" 200 -
INFO:werkzeug:127.0.0.1 - - [19/Jun/2023 22:50:43] "GET /static/css/indexonly.css HTTP/1.1" 200 -
INFO:werkzeug:127.0.0.1 - - [19/Jun/2023 22:50:43] "[33mGET /favicon.ico HTTP/1.1[0m" 404 -
INFO:werkzeug:127.0.0.1 - - [19/Jun/2023 22:50:53] "GET / HTTP/1.1" 200 -
INFO:werkzeug:127.0.0.1 - - [19/Jun/2023 22:50:53] "[36mGET /static/css/indexonly.css HTTP/1.1[0m" 304 -
